Performing C SOURCE FILE Test CMAKE_HAVE_LIBC_PTHREAD failed with the following output:
Change Dir: /home/dell198/gll/panaln/build/CMakeFiles/CMakeTmp

Run Build Command(s):/usr/bin/make cmTC_319e1/fast && /usr/bin/make -f CMakeFiles/cmTC_319e1.dir/build.make CMakeFiles/cmTC_319e1.dir/build
make[1]: 进入目录“/home/dell198/gll/panaln/build/CMakeFiles/CMakeTmp”
Building C object CMakeFiles/cmTC_319e1.dir/src.c.o
/usr/bin/gcc   -DCMAKE_HAVE_LIBC_PTHREAD   -o CMakeFiles/cmTC_319e1.dir/src.c.o   -c /home/dell198/gll/panaln/build/CMakeFiles/CMakeTmp/src.c
Linking C executable cmTC_319e1
/usr/bin/cmake -E cmake_link_script CMakeFiles/cmTC_319e1.dir/link.txt --verbose=1
/usr/bin/gcc  -DCMAKE_HAVE_LIBC_PTHREAD    CMakeFiles/cmTC_319e1.dir/src.c.o  -o cmTC_319e1 
/usr/bin/ld: CMakeFiles/cmTC_319e1.dir/src.c.o: in function `main':
src.c:(.text+0x3e): undefined reference to `pthread_create'
/usr/bin/ld: src.c:(.text+0x4a): undefined reference to `pthread_detach'
/usr/bin/ld: src.c:(.text+0x5b): undefined reference to `pthread_join'
collect2: error: ld returned 1 exit status
make[1]: *** [CMakeFiles/cmTC_319e1.dir/build.make:87：cmTC_319e1] 错误 1
make[1]: 离开目录“/home/dell198/gll/panaln/build/CMakeFiles/CMakeTmp”
make: *** [Makefile:121：cmTC_319e1/fast] 错误 2


Source file was:
#include <pthread.h>

void* test_func(void* data)
{
  return data;
}

int main(void)
{
  pthread_t thread;
  pthread_create(&thread, NULL, test_func, NULL);
  pthread_detach(thread);
  pthread_join(thread, NULL);
  pthread_atfork(NULL, NULL, NULL);
  pthread_exit(NULL);

  return 0;
}

Determining if the function pthread_create exists in the pthreads failed with the following output:
Change Dir: /home/dell198/gll/panaln/build/CMakeFiles/CMakeTmp

Run Build Command(s):/usr/bin/make cmTC_7ba1c/fast && /usr/bin/make -f CMakeFiles/cmTC_7ba1c.dir/build.make CMakeFiles/cmTC_7ba1c.dir/build
make[1]: 进入目录“/home/dell198/gll/panaln/build/CMakeFiles/CMakeTmp”
Building C object CMakeFiles/cmTC_7ba1c.dir/CheckFunctionExists.c.o
/usr/bin/gcc   -DCHECK_FUNCTION_EXISTS=pthread_create   -o CMakeFiles/cmTC_7ba1c.dir/CheckFunctionExists.c.o   -c /usr/share/cmake-3.16/Modules/CheckFunctionExists.c
Linking C executable cmTC_7ba1c
/usr/bin/cmake -E cmake_link_script CMakeFiles/cmTC_7ba1c.dir/link.txt --verbose=1
/usr/bin/gcc  -DCHECK_FUNCTION_EXISTS=pthread_create    CMakeFiles/cmTC_7ba1c.dir/CheckFunctionExists.c.o  -o cmTC_7ba1c  -lpthreads 
/usr/bin/ld: 找不到 -lpthreads
collect2: error: ld returned 1 exit status
make[1]: *** [CMakeFiles/cmTC_7ba1c.dir/build.make:87：cmTC_7ba1c] 错误 1
make[1]: 离开目录“/home/dell198/gll/panaln/build/CMakeFiles/CMakeTmp”
make: *** [Makefile:121：cmTC_7ba1c/fast] 错误 2



